Using pre-set license

 COMMAND LINE ARGUMENTS:
/Applications/Unity/Hub/Editor/2020.3.1f1/Unity.app/Contents/MacOS/Unity
-adb2
-batchMode
-noUpm
-name
AssetImportWorker0
-projectPath
/Users/quantumtek/Desktop/wmatthews-dev/ui-tweening/UI Tweening
-logFile
Logs/AssetImportWorker0.log
-srvPort
49960
Successfully changed project path to: /Users/quantumtek/Desktop/wmatthews-dev/ui-tweening/UI Tweening
/Users/quantumtek/Desktop/wmatthews-dev/ui-tweening/UI Tweening
Using Asset Import Pipeline V2.
Refreshing native plugins compatible for Editor in 77.93 ms, found 2 plugins.
Preloading 0 native plugins for Editor in 0.00 ms.
Initialize engine version: 2020.3.1f1 (77a89f25062f)
[Subsystems] Discovering subsystems at path /Applications/Unity/Hub/Editor/2020.3.1f1/Unity.app/Contents/Resources/UnitySubsystems
[Subsystems] Discovering subsystems at path /Users/quantumtek/Desktop/wmatthews-dev/ui-tweening/UI Tweening/Assets
GfxDevice: creating device client; threaded=0
2021-03-24 07:57:10.403 Unity[2374:17144] iMac preferred device: NVIDIA GeForce GT 650M (high power)
2021-03-24 07:57:10.403 Unity[2374:17144] Metal devices available: 1
2021-03-24 07:57:10.403 Unity[2374:17144] 0: NVIDIA GeForce GT 650M (high power)
2021-03-24 07:57:10.404 Unity[2374:17144] Using device NVIDIA GeForce GT 650M (high power)
Initializing Metal device caps: NVIDIA GeForce GT 650M
Initialize mono
Mono path[0] = '/Applications/Unity/Hub/Editor/2020.3.1f1/Unity.app/Contents/Managed'
Mono path[1] = '/Applications/Unity/Hub/Editor/2020.3.1f1/Unity.app/Contents/MonoBleedingEdge/lib/mono/unityjit'
Mono config path = '/Applications/Unity/Hub/Editor/2020.3.1f1/Unity.app/Contents/MonoBleedingEdge/etc'
Using monoOptions --debugger-agent=transport=dt_socket,embedding=1,server=y,suspend=n,address=127.0.0.1:56374
Begin MonoManager ReloadAssembly
Registering precompiled unity dll's ...
Register platform support module: /Applications/Unity/Hub/Editor/2020.3.1f1/PlaybackEngines/WebGLSupport/UnityEditor.WebGL.Extensions.dll
Register platform support module: /Applications/Unity/Hub/Editor/2020.3.1f1/Unity.app/Contents/PlaybackEngines/MacStandaloneSupport/UnityEditor.OSXStandalone.Extensions.dll
Registered in 0.001177 seconds.
Native extension for OSXStandalone target not found
Native extension for WebGL target not found
Refreshing native plugins compatible for Editor in 48.53 ms, found 2 plugins.
Preloading 0 native plugins for Editor in 0.00 ms.
Invoked RoslynAnalysisRunner static constructor.
RoslynAnalysisRunner will not be running.
RoslynAnalysisRunner has terminated.
Mono: successfully reloaded assembly
- Completed reload, in  2.097 seconds
Platform modules already initialized, skipping
Registering precompiled user dll's ...
Registered in 0.000615 seconds.
Begin MonoManager ReloadAssembly
Native extension for OSXStandalone target not found
Native extension for WebGL target not found
Refreshing native plugins compatible for Editor in 52.77 ms, found 2 plugins.
Preloading 0 native plugins for Editor in 0.00 ms.
Invoked RoslynAnalysisRunner static constructor.
RoslynAnalysisRunner will not be running.
RoslynAnalysisRunner has terminated.
Mono: successfully reloaded assembly
- Completed reload, in  1.490 seconds
Platform modules already initialized, skipping
========================================================================
Worker process is ready to serve import requests
Launching external process: /Applications/Unity/Hub/Editor/2020.3.1f1/Unity.app/Contents/Tools/UnityShaderCompiler
Launched and connected shader compiler UnityShaderCompiler after 0.01 seconds
Refreshing native plugins compatible for Editor in 0.40 ms, found 2 plugins.
Preloading 0 native plugins for Editor in 0.00 ms.
Unloading 1806 Unused Serialized files (Serialized files now loaded: 0)
System memory in use before: 142.9 MB.
System memory in use after: 142.8 MB.

Unloading 24 unused Assets to reduce memory usage. Loaded Objects now: 2248.
Total: 2.863854 ms (FindLiveObjects: 0.225797 ms CreateObjectMapping: 0.075006 ms MarkObjects: 2.304041 ms  DeleteObjects: 0.257282 ms)

========================================================================
Received Import Request.
  path: Assets/Demo/Demo.unity
  artifactKey: Guid(2cda990e2423bbf4892e6590ba056729) Importer(815301076,1909f56bfc062723c751e8b465ee728b)
Start importing Assets/Demo/Demo.unity using Guid(2cda990e2423bbf4892e6590ba056729) Importer(815301076,1909f56bfc062723c751e8b465ee728b)  -> (artifact id: '0581551eddb879a993f4553ea3d823ae') in 0.016457 seconds
  Import took 0.020788 seconds .

========================================================================
Received Import Request.
  Time since last request: 1.003331 seconds.
  path: Assets/UI Tweening
  artifactKey: Guid(6971859b4563b4407bfe146c25cf1c84) Importer(815301076,1909f56bfc062723c751e8b465ee728b)
Start importing Assets/UI Tweening using Guid(6971859b4563b4407bfe146c25cf1c84) Importer(815301076,1909f56bfc062723c751e8b465ee728b)  -> (artifact id: '953b761a61fa6c826193091bdc05e36e') in 0.002252 seconds
  Import took 0.006728 seconds .

========================================================================
Received Import Request.
  Time since last request: 7.186203 seconds.
  path: Assets/UI Tweening/Scripts
  artifactKey: Guid(c3b8f6abd12d4440ba4c74184c62735f) Importer(815301076,1909f56bfc062723c751e8b465ee728b)
Start importing Assets/UI Tweening/Scripts using Guid(c3b8f6abd12d4440ba4c74184c62735f) Importer(815301076,1909f56bfc062723c751e8b465ee728b)  -> (artifact id: '583f13eeca63e0357c8a058783584980') in 0.002135 seconds
  Import took 0.006190 seconds .

========================================================================
Received Prepare
Registering precompiled user dll's ...
Registered in 0.001117 seconds.
Begin MonoManager ReloadAssembly
Native extension for OSXStandalone target not found
Native extension for WebGL target not found
Refreshing native plugins compatible for Editor in 34.82 ms, found 1 plugins.
Preloading 0 native plugins for Editor in 0.00 ms.
Invoked RoslynAnalysisRunner static constructor.
RoslynAnalysisRunner will not be running.
RoslynAnalysisRunner has terminated.
Mono: successfully reloaded assembly
- Completed reload, in  2.242 seconds
Platform modules already initialized, skipping
Refreshing native plugins compatible for Editor in 0.28 ms, found 1 plugins.
Preloading 0 native plugins for Editor in 0.00 ms.
Unloading 1671 Unused Serialized files (Serialized files now loaded: 0)
System memory in use before: 135.3 MB.
System memory in use after: 135.4 MB.

Unloading 14 unused Assets to reduce memory usage. Loaded Objects now: 2126.
Total: 2.426688 ms (FindLiveObjects: 0.220617 ms CreateObjectMapping: 0.076138 ms MarkObjects: 2.043518 ms  DeleteObjects: 0.084448 ms)

========================================================================
Received Prepare
Registering precompiled user dll's ...
Registered in 0.000612 seconds.
Begin MonoManager ReloadAssembly
Native extension for OSXStandalone target not found
Native extension for WebGL target not found
Refreshing native plugins compatible for Editor in 7.74 ms, found 1 plugins.
Preloading 0 native plugins for Editor in 0.00 ms.
Invoked RoslynAnalysisRunner static constructor.
RoslynAnalysisRunner will not be running.
RoslynAnalysisRunner has terminated.
Mono: successfully reloaded assembly
- Completed reload, in  2.608 seconds
Platform modules already initialized, skipping
Refreshing native plugins compatible for Editor in 0.26 ms, found 1 plugins.
Preloading 0 native plugins for Editor in 0.00 ms.
Unloading 1336 Unused Serialized files (Serialized files now loaded: 0)
System memory in use before: 122.3 MB.
System memory in use after: 122.4 MB.

Unloading 5 unused Assets to reduce memory usage. Loaded Objects now: 2023.
Total: 2.362346 ms (FindLiveObjects: 0.190285 ms CreateObjectMapping: 0.062943 ms MarkObjects: 2.046751 ms  DeleteObjects: 0.060830 ms)

========================================================================
Received Prepare
Registering precompiled user dll's ...
Registered in 0.000525 seconds.
Begin MonoManager ReloadAssembly
Native extension for OSXStandalone target not found
Native extension for WebGL target not found
Refreshing native plugins compatible for Editor in 0.27 ms, found 1 plugins.
Preloading 0 native plugins for Editor in 0.00 ms.
Invoked RoslynAnalysisRunner static constructor.
RoslynAnalysisRunner will not be running.
RoslynAnalysisRunner has terminated.
Mono: successfully reloaded assembly
- Completed reload, in  1.784 seconds
Platform modules already initialized, skipping
Refreshing native plugins compatible for Editor in 0.24 ms, found 1 plugins.
Preloading 0 native plugins for Editor in 0.00 ms.
Unloading 1182 Unused Serialized files (Serialized files now loaded: 0)
System memory in use before: 118.9 MB.
System memory in use after: 118.9 MB.

Unloading 5 unused Assets to reduce memory usage. Loaded Objects now: 2026.
Total: 2.184409 ms (FindLiveObjects: 0.195276 ms CreateObjectMapping: 0.062742 ms MarkObjects: 1.863895 ms  DeleteObjects: 0.060697 ms)

========================================================================
Received Prepare
Registering precompiled user dll's ...
Registered in 0.000481 seconds.
Begin MonoManager ReloadAssembly
Native extension for OSXStandalone target not found
Native extension for WebGL target not found
Refreshing native plugins compatible for Editor in 0.26 ms, found 1 plugins.
Preloading 0 native plugins for Editor in 0.00 ms.
Invoked RoslynAnalysisRunner static constructor.
RoslynAnalysisRunner will not be running.
RoslynAnalysisRunner has terminated.
Mono: successfully reloaded assembly
- Completed reload, in  1.734 seconds
Platform modules already initialized, skipping
Refreshing native plugins compatible for Editor in 0.25 ms, found 1 plugins.
Preloading 0 native plugins for Editor in 0.00 ms.
Unloading 1142 Unused Serialized files (Serialized files now loaded: 0)
System memory in use before: 117.9 MB.
System memory in use after: 118.0 MB.

Unloading 5 unused Assets to reduce memory usage. Loaded Objects now: 2029.
Total: 2.947780 ms (FindLiveObjects: 0.253402 ms CreateObjectMapping: 0.188975 ms MarkObjects: 2.397819 ms  DeleteObjects: 0.105371 ms)

========================================================================
Received Prepare
Registering precompiled user dll's ...
Registered in 0.000515 seconds.
Begin MonoManager ReloadAssembly
Native extension for OSXStandalone target not found
Native extension for WebGL target not found
Refreshing native plugins compatible for Editor in 0.25 ms, found 1 plugins.
Preloading 0 native plugins for Editor in 0.00 ms.
Invoked RoslynAnalysisRunner static constructor.
RoslynAnalysisRunner will not be running.
RoslynAnalysisRunner has terminated.
Mono: successfully reloaded assembly
- Completed reload, in  1.182 seconds
Platform modules already initialized, skipping
Refreshing native plugins compatible for Editor in 0.25 ms, found 1 plugins.
Preloading 0 native plugins for Editor in 0.00 ms.
Unloading 1110 Unused Serialized files (Serialized files now loaded: 0)
System memory in use before: 117.4 MB.
System memory in use after: 117.5 MB.

Unloading 5 unused Assets to reduce memory usage. Loaded Objects now: 2032.
Total: 1.962044 ms (FindLiveObjects: 0.191487 ms CreateObjectMapping: 0.062255 ms MarkObjects: 1.650360 ms  DeleteObjects: 0.054815 ms)

========================================================================
Received Prepare
Registering precompiled user dll's ...
Registered in 0.000432 seconds.
Begin MonoManager ReloadAssembly
Native extension for OSXStandalone target not found
Native extension for WebGL target not found
Refreshing native plugins compatible for Editor in 0.23 ms, found 1 plugins.
Preloading 0 native plugins for Editor in 0.00 ms.
Invoked RoslynAnalysisRunner static constructor.
RoslynAnalysisRunner will not be running.
RoslynAnalysisRunner has terminated.
Mono: successfully reloaded assembly
- Completed reload, in  1.155 seconds
Platform modules already initialized, skipping
Refreshing native plugins compatible for Editor in 0.23 ms, found 1 plugins.
Preloading 0 native plugins for Editor in 0.00 ms.
Unloading 1111 Unused Serialized files (Serialized files now loaded: 0)
System memory in use before: 117.7 MB.
System memory in use after: 117.8 MB.

Unloading 5 unused Assets to reduce memory usage. Loaded Objects now: 2036.
Total: 1.958282 ms (FindLiveObjects: 0.183571 ms CreateObjectMapping: 0.057235 ms MarkObjects: 1.663282 ms  DeleteObjects: 0.052796 ms)

========================================================================
Received Prepare
Registering precompiled user dll's ...
Registered in 0.000417 seconds.
Begin MonoManager ReloadAssembly
Native extension for OSXStandalone target not found
Native extension for WebGL target not found
Refreshing native plugins compatible for Editor in 0.19 ms, found 1 plugins.
Preloading 0 native plugins for Editor in 0.00 ms.
Invoked RoslynAnalysisRunner static constructor.
RoslynAnalysisRunner will not be running.
RoslynAnalysisRunner has terminated.
Mono: successfully reloaded assembly
- Completed reload, in  1.161 seconds
Platform modules already initialized, skipping
Refreshing native plugins compatible for Editor in 0.19 ms, found 1 plugins.
Preloading 0 native plugins for Editor in 0.00 ms.
Unloading 783 Unused Serialized files (Serialized files now loaded: 0)
System memory in use before: 108.8 MB.
System memory in use after: 108.9 MB.

Unloading 75 unused Assets to reduce memory usage. Loaded Objects now: 1969.
Total: 2.065587 ms (FindLiveObjects: 0.187215 ms CreateObjectMapping: 0.059105 ms MarkObjects: 1.733121 ms  DeleteObjects: 0.084843 ms)

========================================================================
Received Prepare
Registering precompiled user dll's ...
Registered in 0.000396 seconds.
Begin MonoManager ReloadAssembly
Native extension for OSXStandalone target not found
Native extension for WebGL target not found
Refreshing native plugins compatible for Editor in 0.16 ms, found 1 plugins.
Preloading 0 native plugins for Editor in 0.00 ms.
Invoked RoslynAnalysisRunner static constructor.
RoslynAnalysisRunner will not be running.
RoslynAnalysisRunner has terminated.
Mono: successfully reloaded assembly
- Completed reload, in  1.123 seconds
Platform modules already initialized, skipping
Refreshing native plugins compatible for Editor in 0.15 ms, found 1 plugins.
Preloading 0 native plugins for Editor in 0.00 ms.
Unloading 665 Unused Serialized files (Serialized files now loaded: 0)
System memory in use before: 105.4 MB.
System memory in use after: 105.5 MB.

Unloading 5 unused Assets to reduce memory usage. Loaded Objects now: 1972.
Total: 2.167620 ms (FindLiveObjects: 0.200781 ms CreateObjectMapping: 0.093942 ms MarkObjects: 1.815593 ms  DeleteObjects: 0.055932 ms)

========================================================================
Received Prepare
Registering precompiled user dll's ...
Registered in 0.000403 seconds.
Begin MonoManager ReloadAssembly
Native extension for OSXStandalone target not found
Native extension for WebGL target not found
Refreshing native plugins compatible for Editor in 0.28 ms, found 1 plugins.
Preloading 0 native plugins for Editor in 0.00 ms.
Invoked RoslynAnalysisRunner static constructor.
RoslynAnalysisRunner will not be running.
RoslynAnalysisRunner has terminated.
Mono: successfully reloaded assembly
- Completed reload, in  1.106 seconds
Platform modules already initialized, skipping
Refreshing native plugins compatible for Editor in 0.15 ms, found 1 plugins.
Preloading 0 native plugins for Editor in 0.00 ms.
Unloading 658 Unused Serialized files (Serialized files now loaded: 0)
System memory in use before: 105.3 MB.
System memory in use after: 105.4 MB.

Unloading 5 unused Assets to reduce memory usage. Loaded Objects now: 1975.
Total: 1.748224 ms (FindLiveObjects: 0.154358 ms CreateObjectMapping: 0.052516 ms MarkObjects: 1.490056 ms  DeleteObjects: 0.050085 ms)

========================================================================
Received Import Request.
  Time since last request: 213.332924 seconds.
  path: Assets/UI Tweening/Scripts/TweenManager.cs
  artifactKey: Guid(677af1dcd994e482aa7d6fd9ef99bfa6) Importer(815301076,1909f56bfc062723c751e8b465ee728b)
Start importing Assets/UI Tweening/Scripts/TweenManager.cs using Guid(677af1dcd994e482aa7d6fd9ef99bfa6) Importer(815301076,1909f56bfc062723c751e8b465ee728b)  -> (artifact id: 'ceabc9fac02250f1b5c442c431ea892a') in 0.745992 seconds
  Import took 0.749048 seconds .

========================================================================
Received Prepare
Registering precompiled user dll's ...
Registered in 0.000369 seconds.
Begin MonoManager ReloadAssembly
Native extension for OSXStandalone target not found
Native extension for WebGL target not found
Refreshing native plugins compatible for Editor in 0.16 ms, found 1 plugins.
Preloading 0 native plugins for Editor in 0.00 ms.
Invoked RoslynAnalysisRunner static constructor.
RoslynAnalysisRunner will not be running.
RoslynAnalysisRunner has terminated.
Mono: successfully reloaded assembly
- Completed reload, in  1.124 seconds
Platform modules already initialized, skipping
Refreshing native plugins compatible for Editor in 0.15 ms, found 1 plugins.
Preloading 0 native plugins for Editor in 0.00 ms.
Unloading 659 Unused Serialized files (Serialized files now loaded: 0)
System memory in use before: 109.9 MB.
System memory in use after: 110.0 MB.

Unloading 5 unused Assets to reduce memory usage. Loaded Objects now: 1979.
Total: 1.858561 ms (FindLiveObjects: 0.180172 ms CreateObjectMapping: 0.055348 ms MarkObjects: 1.564423 ms  DeleteObjects: 0.056907 ms)

========================================================================
Received Import Request.
  Time since last request: 7.698816 seconds.
  path: Assets/UI Tweening/Scripts/Tween.cs
  artifactKey: Guid(034a15b27fd6647b3a5b50c42c70b13d) Importer(815301076,1909f56bfc062723c751e8b465ee728b)
Start importing Assets/UI Tweening/Scripts/Tween.cs using Guid(034a15b27fd6647b3a5b50c42c70b13d) Importer(815301076,1909f56bfc062723c751e8b465ee728b)  -> (artifact id: 'b207ee50726dabd5dddcd1c174cbc462') in 0.006516 seconds
  Import took 0.009412 seconds .

========================================================================
Received Import Request.
  Time since last request: 0.002099 seconds.
  path: Assets/UI Tweening/Scripts/Tween.cs
  artifactKey: Guid(034a15b27fd6647b3a5b50c42c70b13d) Importer(815301076,1909f56bfc062723c751e8b465ee728b)
Start importing Assets/UI Tweening/Scripts/Tween.cs using Guid(034a15b27fd6647b3a5b50c42c70b13d) Importer(815301076,1909f56bfc062723c751e8b465ee728b)  -> (artifact id: 'b207ee50726dabd5dddcd1c174cbc462') in 0.003913 seconds
  Import took 0.006942 seconds .

========================================================================
Received Prepare
Registering precompiled user dll's ...
Registered in 0.000458 seconds.
Begin MonoManager ReloadAssembly
Native extension for OSXStandalone target not found
Native extension for WebGL target not found
Refreshing native plugins compatible for Editor in 0.16 ms, found 1 plugins.
Preloading 0 native plugins for Editor in 0.00 ms.
Invoked RoslynAnalysisRunner static constructor.
RoslynAnalysisRunner will not be running.
RoslynAnalysisRunner has terminated.
Mono: successfully reloaded assembly
- Completed reload, in  1.157 seconds
Platform modules already initialized, skipping
Refreshing native plugins compatible for Editor in 0.15 ms, found 1 plugins.
Preloading 0 native plugins for Editor in 0.00 ms.
Unloading 660 Unused Serialized files (Serialized files now loaded: 0)
System memory in use before: 110.1 MB.
System memory in use after: 110.2 MB.

Unloading 5 unused Assets to reduce memory usage. Loaded Objects now: 1983.
Total: 1.784131 ms (FindLiveObjects: 0.176930 ms CreateObjectMapping: 0.051779 ms MarkObjects: 1.501422 ms  DeleteObjects: 0.052520 ms)

========================================================================
Received Prepare
Registering precompiled user dll's ...
Registered in 0.000372 seconds.
Begin MonoManager ReloadAssembly
Native extension for OSXStandalone target not found
Native extension for WebGL target not found
Refreshing native plugins compatible for Editor in 0.16 ms, found 1 plugins.
Preloading 0 native plugins for Editor in 0.00 ms.
Invoked RoslynAnalysisRunner static constructor.
RoslynAnalysisRunner will not be running.
RoslynAnalysisRunner has terminated.
Mono: successfully reloaded assembly
- Completed reload, in  1.129 seconds
Platform modules already initialized, skipping
Refreshing native plugins compatible for Editor in 0.15 ms, found 1 plugins.
Preloading 0 native plugins for Editor in 0.00 ms.
Unloading 660 Unused Serialized files (Serialized files now loaded: 0)
System memory in use before: 110.3 MB.
System memory in use after: 110.4 MB.

Unloading 5 unused Assets to reduce memory usage. Loaded Objects now: 1986.
Total: 2.572952 ms (FindLiveObjects: 0.415820 ms CreateObjectMapping: 0.117767 ms MarkObjects: 1.977838 ms  DeleteObjects: 0.060132 ms)

========================================================================
Received Prepare
Registering precompiled user dll's ...
Registered in 0.000390 seconds.
Begin MonoManager ReloadAssembly
Native extension for OSXStandalone target not found
Native extension for WebGL target not found
Refreshing native plugins compatible for Editor in 0.16 ms, found 1 plugins.
Preloading 0 native plugins for Editor in 0.00 ms.
Invoked RoslynAnalysisRunner static constructor.
RoslynAnalysisRunner will not be running.
RoslynAnalysisRunner has terminated.
Mono: successfully reloaded assembly
- Completed reload, in  1.132 seconds
Platform modules already initialized, skipping
Refreshing native plugins compatible for Editor in 0.16 ms, found 1 plugins.
Preloading 0 native plugins for Editor in 0.00 ms.
Unloading 661 Unused Serialized files (Serialized files now loaded: 0)
System memory in use before: 110.6 MB.
System memory in use after: 110.6 MB.

Unloading 5 unused Assets to reduce memory usage. Loaded Objects now: 1990.
Total: 2.448132 ms (FindLiveObjects: 0.188494 ms CreateObjectMapping: 0.053563 ms MarkObjects: 2.106966 ms  DeleteObjects: 0.097281 ms)

========================================================================
Received Prepare
Registering precompiled user dll's ...
Registered in 0.000405 seconds.
Begin MonoManager ReloadAssembly
Native extension for OSXStandalone target not found
Native extension for WebGL target not found
Refreshing native plugins compatible for Editor in 0.16 ms, found 1 plugins.
Preloading 0 native plugins for Editor in 0.00 ms.
Invoked RoslynAnalysisRunner static constructor.
RoslynAnalysisRunner will not be running.
RoslynAnalysisRunner has terminated.
Mono: successfully reloaded assembly
- Completed reload, in  1.132 seconds
Platform modules already initialized, skipping
Refreshing native plugins compatible for Editor in 0.15 ms, found 1 plugins.
Preloading 0 native plugins for Editor in 0.00 ms.
Unloading 660 Unused Serialized files (Serialized files now loaded: 0)
System memory in use before: 110.6 MB.
System memory in use after: 110.7 MB.

Unloading 6 unused Assets to reduce memory usage. Loaded Objects now: 1992.
Total: 1.812719 ms (FindLiveObjects: 0.168014 ms CreateObjectMapping: 0.050918 ms MarkObjects: 1.534599 ms  DeleteObjects: 0.057582 ms)

========================================================================
Received Import Request.
  Time since last request: 2214.363972 seconds.
  path: Assets/UI Tweening/Scripts/ImageFillAmountTween.cs
  artifactKey: Guid(6e8566a4663d2447aa4270cbc70e6eb5) Importer(815301076,1909f56bfc062723c751e8b465ee728b)
Start importing Assets/UI Tweening/Scripts/ImageFillAmountTween.cs using Guid(6e8566a4663d2447aa4270cbc70e6eb5) Importer(815301076,1909f56bfc062723c751e8b465ee728b)  -> (artifact id: '7b6cb0bfde098d7686509ce1a51ab0ea') in 0.006807 seconds
  Import took 0.010464 seconds .

========================================================================
Received Prepare
Registering precompiled user dll's ...
Registered in 0.000378 seconds.
Begin MonoManager ReloadAssembly
Native extension for OSXStandalone target not found
Native extension for WebGL target not found
Refreshing native plugins compatible for Editor in 0.16 ms, found 1 plugins.
Preloading 0 native plugins for Editor in 0.00 ms.
Invoked RoslynAnalysisRunner static constructor.
RoslynAnalysisRunner will not be running.
RoslynAnalysisRunner has terminated.
Mono: successfully reloaded assembly
- Completed reload, in  1.122 seconds
Platform modules already initialized, skipping
Refreshing native plugins compatible for Editor in 0.16 ms, found 1 plugins.
Preloading 0 native plugins for Editor in 0.00 ms.
Unloading 661 Unused Serialized files (Serialized files now loaded: 0)
System memory in use before: 110.8 MB.
System memory in use after: 110.9 MB.

Unloading 5 unused Assets to reduce memory usage. Loaded Objects now: 1996.
Total: 1.877996 ms (FindLiveObjects: 0.214568 ms CreateObjectMapping: 0.054712 ms MarkObjects: 1.551555 ms  DeleteObjects: 0.055560 ms)

========================================================================
Received Prepare
Registering precompiled user dll's ...
Registered in 0.000399 seconds.
Begin MonoManager ReloadAssembly
Native extension for OSXStandalone target not found
Native extension for WebGL target not found
Refreshing native plugins compatible for Editor in 0.16 ms, found 1 plugins.
Preloading 0 native plugins for Editor in 0.00 ms.
Invoked RoslynAnalysisRunner static constructor.
RoslynAnalysisRunner will not be running.
RoslynAnalysisRunner has terminated.
Mono: successfully reloaded assembly
- Completed reload, in  1.161 seconds
Platform modules already initialized, skipping
Refreshing native plugins compatible for Editor in 0.17 ms, found 1 plugins.
Preloading 0 native plugins for Editor in 0.00 ms.
Unloading 661 Unused Serialized files (Serialized files now loaded: 0)
System memory in use before: 111.0 MB.
System memory in use after: 111.0 MB.

Unloading 5 unused Assets to reduce memory usage. Loaded Objects now: 1999.
Total: 2.031752 ms (FindLiveObjects: 0.172617 ms CreateObjectMapping: 0.055846 ms MarkObjects: 1.729333 ms  DeleteObjects: 0.072343 ms)

========================================================================
Received Prepare
Registering precompiled user dll's ...
Registered in 0.000379 seconds.
Begin MonoManager ReloadAssembly
Native extension for OSXStandalone target not found
Native extension for WebGL target not found
Refreshing native plugins compatible for Editor in 0.16 ms, found 1 plugins.
Preloading 0 native plugins for Editor in 0.00 ms.
Invoked RoslynAnalysisRunner static constructor.
RoslynAnalysisRunner will not be running.
RoslynAnalysisRunner has terminated.
Mono: successfully reloaded assembly
- Completed reload, in  1.155 seconds
Platform modules already initialized, skipping
Refreshing native plugins compatible for Editor in 0.22 ms, found 1 plugins.
Preloading 0 native plugins for Editor in 0.00 ms.
Unloading 661 Unused Serialized files (Serialized files now loaded: 0)
System memory in use before: 111.2 MB.
System memory in use after: 111.2 MB.

Unloading 5 unused Assets to reduce memory usage. Loaded Objects now: 2002.
Total: 1.938961 ms (FindLiveObjects: 0.180933 ms CreateObjectMapping: 0.053958 ms MarkObjects: 1.645900 ms  DeleteObjects: 0.056659 ms)

========================================================================
Received Import Request.
  Time since last request: 15021.212753 seconds.
  path: Assets/UI Tweening/Demo/Square.png
  artifactKey: Guid(84dc3bb8fc95b41e89e51252f923a774) Importer(815301076,1909f56bfc062723c751e8b465ee728b)
Start importing Assets/UI Tweening/Demo/Square.png using Guid(84dc3bb8fc95b41e89e51252f923a774) Importer(815301076,1909f56bfc062723c751e8b465ee728b)  -> (artifact id: '69cb0b260c86ca827ba5bad95b1b3c49') in 1.008744 seconds
  Import took 1.011919 seconds .

========================================================================
Received Import Request.
  Time since last request: 9.344217 seconds.
  path: Assets/UI Tweening/Demo/Square.png
  artifactKey: Guid(84dc3bb8fc95b41e89e51252f923a774) Importer(815301076,1909f56bfc062723c751e8b465ee728b)
Start importing Assets/UI Tweening/Demo/Square.png using Guid(84dc3bb8fc95b41e89e51252f923a774) Importer(815301076,1909f56bfc062723c751e8b465ee728b)  -> (artifact id: 'cd03a2d8f49fac23c9618406ba5fde1a') in 0.010965 seconds
  Import took 0.014346 seconds .

========================================================================
Received Import Request.
  Time since last request: 0.004358 seconds.
  path: Assets/UI Tweening/Demo/Square.png
  artifactKey: Guid(84dc3bb8fc95b41e89e51252f923a774) Importer(815301076,1909f56bfc062723c751e8b465ee728b)
Start importing Assets/UI Tweening/Demo/Square.png using Guid(84dc3bb8fc95b41e89e51252f923a774) Importer(815301076,1909f56bfc062723c751e8b465ee728b)  -> (artifact id: 'cd03a2d8f49fac23c9618406ba5fde1a') in 0.016001 seconds
  Import took 0.020474 seconds .

========================================================================
Received Import Request.
  Time since last request: 124.037027 seconds.
  path: Assets/UI Tweening/Demo/Demo.cs
  artifactKey: Guid(89fa47b4a5fdf45dea8867033e311428) Importer(815301076,1909f56bfc062723c751e8b465ee728b)
Start importing Assets/UI Tweening/Demo/Demo.cs using Guid(89fa47b4a5fdf45dea8867033e311428) Importer(815301076,1909f56bfc062723c751e8b465ee728b)  -> (artifact id: 'fe7d0aa351e165970a579b4921fbedec') in 0.003258 seconds
  Import took 0.006502 seconds .

========================================================================
Received Prepare
Registering precompiled user dll's ...
Registered in 0.000351 seconds.
Begin MonoManager ReloadAssembly
Native extension for OSXStandalone target not found
Native extension for WebGL target not found
Refreshing native plugins compatible for Editor in 0.16 ms, found 1 plugins.
Preloading 0 native plugins for Editor in 0.00 ms.
Invoked RoslynAnalysisRunner static constructor.
RoslynAnalysisRunner will not be running.
RoslynAnalysisRunner has terminated.
Mono: successfully reloaded assembly
- Completed reload, in  1.107 seconds
Platform modules already initialized, skipping
Refreshing native plugins compatible for Editor in 0.17 ms, found 1 plugins.
Preloading 0 native plugins for Editor in 0.00 ms.
Unloading 662 Unused Serialized files (Serialized files now loaded: 0)
System memory in use before: 119.0 MB.
System memory in use after: 119.0 MB.

Unloading 5 unused Assets to reduce memory usage. Loaded Objects now: 2014.
Total: 1.817767 ms (FindLiveObjects: 0.176444 ms CreateObjectMapping: 0.055295 ms MarkObjects: 1.531417 ms  DeleteObjects: 0.053255 ms)

========================================================================
Received Prepare
Registering precompiled user dll's ...
Registered in 0.000394 seconds.
Begin MonoManager ReloadAssembly
Native extension for OSXStandalone target not found
Native extension for WebGL target not found
Refreshing native plugins compatible for Editor in 0.19 ms, found 1 plugins.
Preloading 0 native plugins for Editor in 0.00 ms.
Invoked RoslynAnalysisRunner static constructor.
RoslynAnalysisRunner will not be running.
RoslynAnalysisRunner has terminated.
Mono: successfully reloaded assembly
- Completed reload, in  1.119 seconds
Platform modules already initialized, skipping
Refreshing native plugins compatible for Editor in 0.16 ms, found 1 plugins.
Preloading 0 native plugins for Editor in 0.00 ms.
Unloading 675 Unused Serialized files (Serialized files now loaded: 0)
System memory in use before: 120.8 MB.
System memory in use after: 120.3 MB.

Unloading 18 unused Assets to reduce memory usage. Loaded Objects now: 2017.
Total: 2.368283 ms (FindLiveObjects: 0.189976 ms CreateObjectMapping: 0.057310 ms MarkObjects: 1.692181 ms  DeleteObjects: 0.427360 ms)

========================================================================
Received Prepare
Registering precompiled user dll's ...
Registered in 0.000430 seconds.
Begin MonoManager ReloadAssembly
Native extension for OSXStandalone target not found
Native extension for WebGL target not found
Refreshing native plugins compatible for Editor in 0.16 ms, found 1 plugins.
Preloading 0 native plugins for Editor in 0.00 ms.
Invoked RoslynAnalysisRunner static constructor.
RoslynAnalysisRunner will not be running.
RoslynAnalysisRunner has terminated.
Mono: successfully reloaded assembly
- Completed reload, in  1.109 seconds
Platform modules already initialized, skipping
Refreshing native plugins compatible for Editor in 0.16 ms, found 1 plugins.
Preloading 0 native plugins for Editor in 0.00 ms.
Unloading 675 Unused Serialized files (Serialized files now loaded: 0)
System memory in use before: 121.0 MB.
System memory in use after: 120.5 MB.

Unloading 18 unused Assets to reduce memory usage. Loaded Objects now: 2020.
Total: 2.354749 ms (FindLiveObjects: 0.229512 ms CreateObjectMapping: 0.071440 ms MarkObjects: 1.621713 ms  DeleteObjects: 0.430668 ms)

========================================================================
Received Prepare
Registering precompiled user dll's ...
Registered in 0.000404 seconds.
Begin MonoManager ReloadAssembly
Native extension for OSXStandalone target not found
Native extension for WebGL target not found
Refreshing native plugins compatible for Editor in 0.19 ms, found 1 plugins.
Preloading 0 native plugins for Editor in 0.00 ms.
Invoked RoslynAnalysisRunner static constructor.
RoslynAnalysisRunner will not be running.
RoslynAnalysisRunner has terminated.
Mono: successfully reloaded assembly
- Completed reload, in  1.203 seconds
Platform modules already initialized, skipping
Refreshing native plugins compatible for Editor in 0.16 ms, found 1 plugins.
Preloading 0 native plugins for Editor in 0.00 ms.
Unloading 675 Unused Serialized files (Serialized files now loaded: 0)
System memory in use before: 121.2 MB.
System memory in use after: 120.7 MB.

Unloading 18 unused Assets to reduce memory usage. Loaded Objects now: 2023.
Total: 2.288626 ms (FindLiveObjects: 0.183290 ms CreateObjectMapping: 0.057058 ms MarkObjects: 1.552317 ms  DeleteObjects: 0.494614 ms)

========================================================================
Received Prepare
Registering precompiled user dll's ...
Registered in 0.000407 seconds.
Begin MonoManager ReloadAssembly
Native extension for OSXStandalone target not found
Native extension for WebGL target not found
Refreshing native plugins compatible for Editor in 0.16 ms, found 1 plugins.
Preloading 0 native plugins for Editor in 0.00 ms.
Invoked RoslynAnalysisRunner static constructor.
RoslynAnalysisRunner will not be running.
RoslynAnalysisRunner has terminated.
Mono: successfully reloaded assembly
- Completed reload, in  1.087 seconds
Platform modules already initialized, skipping
Refreshing native plugins compatible for Editor in 0.16 ms, found 1 plugins.
Preloading 0 native plugins for Editor in 0.00 ms.
Unloading 675 Unused Serialized files (Serialized files now loaded: 0)
System memory in use before: 121.3 MB.
System memory in use after: 120.8 MB.

Unloading 18 unused Assets to reduce memory usage. Loaded Objects now: 2026.
Total: 2.211665 ms (FindLiveObjects: 0.159732 ms CreateObjectMapping: 0.051874 ms MarkObjects: 1.582964 ms  DeleteObjects: 0.415953 ms)

========================================================================
Received Prepare
Registering precompiled user dll's ...
Registered in 0.000394 seconds.
Begin MonoManager ReloadAssembly
Native extension for OSXStandalone target not found
Native extension for WebGL target not found
Refreshing native plugins compatible for Editor in 0.16 ms, found 1 plugins.
Preloading 0 native plugins for Editor in 0.00 ms.
Invoked RoslynAnalysisRunner static constructor.
RoslynAnalysisRunner will not be running.
RoslynAnalysisRunner has terminated.
Mono: successfully reloaded assembly
- Completed reload, in  1.090 seconds
Platform modules already initialized, skipping
Refreshing native plugins compatible for Editor in 0.16 ms, found 1 plugins.
Preloading 0 native plugins for Editor in 0.00 ms.
Unloading 675 Unused Serialized files (Serialized files now loaded: 0)
System memory in use before: 121.5 MB.
System memory in use after: 120.9 MB.

Unloading 18 unused Assets to reduce memory usage. Loaded Objects now: 2029.
Total: 2.435346 ms (FindLiveObjects: 0.201435 ms CreateObjectMapping: 0.091332 ms MarkObjects: 1.701779 ms  DeleteObjects: 0.439347 ms)

========================================================================
Received Prepare
Registering precompiled user dll's ...
Registered in 0.000341 seconds.
Begin MonoManager ReloadAssembly
Native extension for OSXStandalone target not found
Native extension for WebGL target not found
Refreshing native plugins compatible for Editor in 0.16 ms, found 1 plugins.
Preloading 0 native plugins for Editor in 0.00 ms.
Invoked RoslynAnalysisRunner static constructor.
RoslynAnalysisRunner will not be running.
RoslynAnalysisRunner has terminated.
Mono: successfully reloaded assembly
- Completed reload, in  1.090 seconds
Platform modules already initialized, skipping
Refreshing native plugins compatible for Editor in 0.17 ms, found 1 plugins.
Preloading 0 native plugins for Editor in 0.00 ms.
Unloading 675 Unused Serialized files (Serialized files now loaded: 0)
System memory in use before: 121.6 MB.
System memory in use after: 121.1 MB.

Unloading 18 unused Assets to reduce memory usage. Loaded Objects now: 2032.
Total: 2.253014 ms (FindLiveObjects: 0.217114 ms CreateObjectMapping: 0.058871 ms MarkObjects: 1.543403 ms  DeleteObjects: 0.432279 ms)

========================================================================
Received Prepare
Registering precompiled user dll's ...
Registered in 0.000335 seconds.
Begin MonoManager ReloadAssembly
Native extension for OSXStandalone target not found
Native extension for WebGL target not found
Refreshing native plugins compatible for Editor in 0.19 ms, found 1 plugins.
Preloading 0 native plugins for Editor in 0.00 ms.
Invoked RoslynAnalysisRunner static constructor.
RoslynAnalysisRunner will not be running.
RoslynAnalysisRunner has terminated.
Mono: successfully reloaded assembly
- Completed reload, in  1.102 seconds
Platform modules already initialized, skipping
Refreshing native plugins compatible for Editor in 0.15 ms, found 1 plugins.
Preloading 0 native plugins for Editor in 0.00 ms.
Unloading 675 Unused Serialized files (Serialized files now loaded: 0)
System memory in use before: 121.8 MB.
System memory in use after: 121.3 MB.

Unloading 18 unused Assets to reduce memory usage. Loaded Objects now: 2035.
Total: 2.295659 ms (FindLiveObjects: 0.188918 ms CreateObjectMapping: 0.052688 ms MarkObjects: 1.631135 ms  DeleteObjects: 0.421334 ms)

========================================================================
Received Prepare
Registering precompiled user dll's ...
Registered in 0.000387 seconds.
Begin MonoManager ReloadAssembly
Native extension for OSXStandalone target not found
Native extension for WebGL target not found
Refreshing native plugins compatible for Editor in 0.16 ms, found 1 plugins.
Preloading 0 native plugins for Editor in 0.00 ms.
Invoked RoslynAnalysisRunner static constructor.
RoslynAnalysisRunner will not be running.
RoslynAnalysisRunner has terminated.
Mono: successfully reloaded assembly
- Completed reload, in  1.109 seconds
Platform modules already initialized, skipping
Refreshing native plugins compatible for Editor in 0.15 ms, found 1 plugins.
Preloading 0 native plugins for Editor in 0.00 ms.
Unloading 675 Unused Serialized files (Serialized files now loaded: 0)
System memory in use before: 121.9 MB.
System memory in use after: 121.4 MB.

Unloading 18 unused Assets to reduce memory usage. Loaded Objects now: 2038.
Total: 2.337268 ms (FindLiveObjects: 0.198599 ms CreateObjectMapping: 0.066465 ms MarkObjects: 1.646580 ms  DeleteObjects: 0.424512 ms)

========================================================================
Received Prepare
Registering precompiled user dll's ...
Registered in 0.001042 seconds.
Begin MonoManager ReloadAssembly
Native extension for OSXStandalone target not found
Native extension for WebGL target not found
Refreshing native plugins compatible for Editor in 0.17 ms, found 1 plugins.
Preloading 0 native plugins for Editor in 0.00 ms.
Invoked RoslynAnalysisRunner static constructor.
RoslynAnalysisRunner will not be running.
RoslynAnalysisRunner has terminated.
Mono: successfully reloaded assembly
- Completed reload, in  1.153 seconds
Platform modules already initialized, skipping
Refreshing native plugins compatible for Editor in 0.17 ms, found 1 plugins.
Preloading 0 native plugins for Editor in 0.00 ms.
Unloading 675 Unused Serialized files (Serialized files now loaded: 0)
System memory in use before: 122.1 MB.
System memory in use after: 121.6 MB.

Unloading 18 unused Assets to reduce memory usage. Loaded Objects now: 2041.
Total: 3.636972 ms (FindLiveObjects: 0.263967 ms CreateObjectMapping: 0.114568 ms MarkObjects: 2.767817 ms  DeleteObjects: 0.487843 ms)

========================================================================
Received Prepare
Registering precompiled user dll's ...
Registered in 0.000342 seconds.
Begin MonoManager ReloadAssembly
Native extension for OSXStandalone target not found
Native extension for WebGL target not found
Refreshing native plugins compatible for Editor in 0.16 ms, found 1 plugins.
Preloading 0 native plugins for Editor in 0.00 ms.
Invoked RoslynAnalysisRunner static constructor.
RoslynAnalysisRunner will not be running.
RoslynAnalysisRunner has terminated.
Mono: successfully reloaded assembly
- Completed reload, in  1.094 seconds
Platform modules already initialized, skipping
Refreshing native plugins compatible for Editor in 0.17 ms, found 1 plugins.
Preloading 0 native plugins for Editor in 0.00 ms.
Unloading 675 Unused Serialized files (Serialized files now loaded: 0)
System memory in use before: 122.2 MB.
System memory in use after: 121.7 MB.

Unloading 18 unused Assets to reduce memory usage. Loaded Objects now: 2044.
Total: 2.266925 ms (FindLiveObjects: 0.195726 ms CreateObjectMapping: 0.061085 ms MarkObjects: 1.569855 ms  DeleteObjects: 0.439022 ms)

========================================================================
Received Prepare
Registering precompiled user dll's ...
Registered in 0.000350 seconds.
Begin MonoManager ReloadAssembly
Native extension for OSXStandalone target not found
Native extension for WebGL target not found
Refreshing native plugins compatible for Editor in 0.17 ms, found 1 plugins.
Preloading 0 native plugins for Editor in 0.00 ms.
Invoked RoslynAnalysisRunner static constructor.
RoslynAnalysisRunner will not be running.
RoslynAnalysisRunner has terminated.
Mono: successfully reloaded assembly
- Completed reload, in  1.109 seconds
Platform modules already initialized, skipping
Refreshing native plugins compatible for Editor in 0.16 ms, found 1 plugins.
Preloading 0 native plugins for Editor in 0.00 ms.
Unloading 675 Unused Serialized files (Serialized files now loaded: 0)
System memory in use before: 122.4 MB.
System memory in use after: 121.9 MB.

Unloading 18 unused Assets to reduce memory usage. Loaded Objects now: 2047.
Total: 2.339388 ms (FindLiveObjects: 0.181149 ms CreateObjectMapping: 0.052721 ms MarkObjects: 1.682399 ms  DeleteObjects: 0.421879 ms)

========================================================================
Received Prepare
Registering precompiled user dll's ...
Registered in 0.000356 seconds.
Begin MonoManager ReloadAssembly
Native extension for OSXStandalone target not found
Native extension for WebGL target not found
Refreshing native plugins compatible for Editor in 0.16 ms, found 1 plugins.
Preloading 0 native plugins for Editor in 0.00 ms.
Invoked RoslynAnalysisRunner static constructor.
RoslynAnalysisRunner will not be running.
RoslynAnalysisRunner has terminated.
Mono: successfully reloaded assembly
- Completed reload, in  1.093 seconds
Platform modules already initialized, skipping
Refreshing native plugins compatible for Editor in 0.19 ms, found 1 plugins.
Preloading 0 native plugins for Editor in 0.00 ms.
Unloading 675 Unused Serialized files (Serialized files now loaded: 0)
System memory in use before: 122.5 MB.
System memory in use after: 122.0 MB.

Unloading 18 unused Assets to reduce memory usage. Loaded Objects now: 2050.
Total: 2.379697 ms (FindLiveObjects: 0.182074 ms CreateObjectMapping: 0.067142 ms MarkObjects: 1.672444 ms  DeleteObjects: 0.456384 ms)

========================================================================
Received Prepare
Registering precompiled user dll's ...
Registered in 0.000450 seconds.
Begin MonoManager ReloadAssembly
Native extension for OSXStandalone target not found
Native extension for WebGL target not found
Refreshing native plugins compatible for Editor in 0.18 ms, found 1 plugins.
Preloading 0 native plugins for Editor in 0.00 ms.
Invoked RoslynAnalysisRunner static constructor.
RoslynAnalysisRunner will not be running.
RoslynAnalysisRunner has terminated.
Mono: successfully reloaded assembly
- Completed reload, in  1.253 seconds
Platform modules already initialized, skipping
Refreshing native plugins compatible for Editor in 0.16 ms, found 1 plugins.
Preloading 0 native plugins for Editor in 0.00 ms.
Unloading 675 Unused Serialized files (Serialized files now loaded: 0)
System memory in use before: 122.7 MB.
System memory in use after: 122.2 MB.

Unloading 18 unused Assets to reduce memory usage. Loaded Objects now: 2053.
Total: 2.473606 ms (FindLiveObjects: 0.253036 ms CreateObjectMapping: 0.065552 ms MarkObjects: 1.702272 ms  DeleteObjects: 0.450164 ms)

========================================================================
Received Import Request.
  Time since last request: 11190.440107 seconds.
  path: Assets/UI Tweening/Scripts/ImageFillAmountTween.cs
  artifactKey: Guid(6e8566a4663d2447aa4270cbc70e6eb5) Importer(815301076,1909f56bfc062723c751e8b465ee728b)
Start importing Assets/UI Tweening/Scripts/ImageFillAmountTween.cs using Guid(6e8566a4663d2447aa4270cbc70e6eb5) Importer(815301076,1909f56bfc062723c751e8b465ee728b)  -> (artifact id: 'c9dc8a34d9ac4f6ae6ec1db426c05913') in 0.008491 seconds
  Import took 0.013397 seconds .

========================================================================
Received Import Request.
  Time since last request: 0.038415 seconds.
  path: Assets/UI Tweening/Scripts/ImageFillAmountTween.cs
  artifactKey: Guid(6e8566a4663d2447aa4270cbc70e6eb5) Importer(815301076,1909f56bfc062723c751e8b465ee728b)
Start importing Assets/UI Tweening/Scripts/ImageFillAmountTween.cs using Guid(6e8566a4663d2447aa4270cbc70e6eb5) Importer(815301076,1909f56bfc062723c751e8b465ee728b)  -> (artifact id: 'c9dc8a34d9ac4f6ae6ec1db426c05913') in 0.002108 seconds
  Import took 0.005115 seconds .

========================================================================
Received Import Request.
  Time since last request: 7.489363 seconds.
  path: Assets/UI Tweening/Scripts/ImageColorTween.cs
  artifactKey: Guid(efef231a538a64bbb97bc22f2707cba4) Importer(815301076,1909f56bfc062723c751e8b465ee728b)
Start importing Assets/UI Tweening/Scripts/ImageColorTween.cs using Guid(efef231a538a64bbb97bc22f2707cba4) Importer(815301076,1909f56bfc062723c751e8b465ee728b)  -> (artifact id: 'f225d33b267ae82ac01b191547324569') in 0.004392 seconds
  Import took 0.008966 seconds .

========================================================================
Received Prepare
Registering precompiled user dll's ...
Registered in 0.000378 seconds.
Begin MonoManager ReloadAssembly
Native extension for OSXStandalone target not found
Native extension for WebGL target not found
Refreshing native plugins compatible for Editor in 0.16 ms, found 1 plugins.
Preloading 0 native plugins for Editor in 0.00 ms.
Invoked RoslynAnalysisRunner static constructor.
RoslynAnalysisRunner will not be running.
RoslynAnalysisRunner has terminated.
Mono: successfully reloaded assembly
- Completed reload, in  1.094 seconds
Platform modules already initialized, skipping
Refreshing native plugins compatible for Editor in 0.17 ms, found 1 plugins.
Preloading 0 native plugins for Editor in 0.00 ms.
Unloading 676 Unused Serialized files (Serialized files now loaded: 0)
System memory in use before: 122.9 MB.
System memory in use after: 122.4 MB.

Unloading 18 unused Assets to reduce memory usage. Loaded Objects now: 2057.
Total: 2.245426 ms (FindLiveObjects: 0.192074 ms CreateObjectMapping: 0.055310 ms MarkObjects: 1.549463 ms  DeleteObjects: 0.447289 ms)

========================================================================
Received Import Request.
  Time since last request: 12.782064 seconds.
  path: Assets/UI Tweening/Scripts/ImageAlphaTween.cs
  artifactKey: Guid(50d58a2b34aa8476daae8f79db67883e) Importer(815301076,1909f56bfc062723c751e8b465ee728b)
Start importing Assets/UI Tweening/Scripts/ImageAlphaTween.cs using Guid(50d58a2b34aa8476daae8f79db67883e) Importer(815301076,1909f56bfc062723c751e8b465ee728b)  -> (artifact id: '7784e4fe432d4de4b8e32eb063c14efe') in 0.007398 seconds
  Import took 0.011052 seconds .

========================================================================
Received Import Request.
  Time since last request: 0.001075 seconds.
  path: Assets/UI Tweening/Scripts/ImageAlphaTween.cs
  artifactKey: Guid(50d58a2b34aa8476daae8f79db67883e) Importer(815301076,1909f56bfc062723c751e8b465ee728b)
Start importing Assets/UI Tweening/Scripts/ImageAlphaTween.cs using Guid(50d58a2b34aa8476daae8f79db67883e) Importer(815301076,1909f56bfc062723c751e8b465ee728b)  -> (artifact id: '7784e4fe432d4de4b8e32eb063c14efe') in 0.002049 seconds
  Import took 0.005663 seconds .

========================================================================
Received Prepare
Registering precompiled user dll's ...
Registered in 0.000676 seconds.
Begin MonoManager ReloadAssembly
Native extension for OSXStandalone target not found
Native extension for WebGL target not found
Refreshing native plugins compatible for Editor in 0.18 ms, found 1 plugins.
Preloading 0 native plugins for Editor in 0.00 ms.
Invoked RoslynAnalysisRunner static constructor.
RoslynAnalysisRunner will not be running.
RoslynAnalysisRunner has terminated.
Mono: successfully reloaded assembly
- Completed reload, in  1.136 seconds
Platform modules already initialized, skipping
Refreshing native plugins compatible for Editor in 0.17 ms, found 1 plugins.
Preloading 0 native plugins for Editor in 0.00 ms.
Unloading 677 Unused Serialized files (Serialized files now loaded: 0)
System memory in use before: 123.1 MB.
System memory in use after: 122.6 MB.

Unloading 18 unused Assets to reduce memory usage. Loaded Objects now: 2061.
Total: 3.140678 ms (FindLiveObjects: 0.194692 ms CreateObjectMapping: 0.056112 ms MarkObjects: 2.402747 ms  DeleteObjects: 0.485406 ms)

========================================================================
Received Prepare
Registering precompiled user dll's ...
Registered in 0.000378 seconds.
Begin MonoManager ReloadAssembly
Native extension for OSXStandalone target not found
Native extension for WebGL target not found
Refreshing native plugins compatible for Editor in 0.16 ms, found 1 plugins.
Preloading 0 native plugins for Editor in 0.00 ms.
Invoked RoslynAnalysisRunner static constructor.
RoslynAnalysisRunner will not be running.
RoslynAnalysisRunner has terminated.
Mono: successfully reloaded assembly
- Completed reload, in  1.123 seconds
Platform modules already initialized, skipping
Refreshing native plugins compatible for Editor in 0.15 ms, found 1 plugins.
Preloading 0 native plugins for Editor in 0.00 ms.
Unloading 677 Unused Serialized files (Serialized files now loaded: 0)
System memory in use before: 123.2 MB.
System memory in use after: 122.7 MB.

Unloading 18 unused Assets to reduce memory usage. Loaded Objects now: 2064.
Total: 2.558478 ms (FindLiveObjects: 0.177324 ms CreateObjectMapping: 0.051943 ms MarkObjects: 1.738706 ms  DeleteObjects: 0.589138 ms)

========================================================================
Received Import Request.
  Time since last request: 344.749493 seconds.
  path: Assets/UI Tweening/Scripts/ImageAlphaTween.cs
  artifactKey: Guid(50d58a2b34aa8476daae8f79db67883e) Importer(815301076,1909f56bfc062723c751e8b465ee728b)
Start importing Assets/UI Tweening/Scripts/ImageAlphaTween.cs using Guid(50d58a2b34aa8476daae8f79db67883e) Importer(815301076,1909f56bfc062723c751e8b465ee728b)  -> (artifact id: 'ee4ffd1d4ab3c90a1a1d0cbac9266814') in 0.004413 seconds
  Import took 0.007629 seconds .

========================================================================
Received Prepare
Registering precompiled user dll's ...
Registered in 0.000457 seconds.
Begin MonoManager ReloadAssembly
Native extension for OSXStandalone target not found
Native extension for WebGL target not found
Refreshing native plugins compatible for Editor in 0.18 ms, found 1 plugins.
Preloading 0 native plugins for Editor in 0.00 ms.
Invoked RoslynAnalysisRunner static constructor.
RoslynAnalysisRunner will not be running.
RoslynAnalysisRunner has terminated.
Mono: successfully reloaded assembly
- Completed reload, in  1.136 seconds
Platform modules already initialized, skipping
Refreshing native plugins compatible for Editor in 0.17 ms, found 1 plugins.
Preloading 0 native plugins for Editor in 0.00 ms.
Unloading 677 Unused Serialized files (Serialized files now loaded: 0)
System memory in use before: 123.4 MB.
System memory in use after: 122.9 MB.

Unloading 18 unused Assets to reduce memory usage. Loaded Objects now: 2067.
Total: 2.359923 ms (FindLiveObjects: 0.186925 ms CreateObjectMapping: 0.055892 ms MarkObjects: 1.627508 ms  DeleteObjects: 0.488169 ms)

========================================================================
Received Prepare
Registering precompiled user dll's ...
Registered in 0.000388 seconds.
Begin MonoManager ReloadAssembly
Native extension for OSXStandalone target not found
Native extension for WebGL target not found
Refreshing native plugins compatible for Editor in 0.16 ms, found 1 plugins.
Preloading 0 native plugins for Editor in 0.00 ms.
Invoked RoslynAnalysisRunner static constructor.
RoslynAnalysisRunner will not be running.
RoslynAnalysisRunner has terminated.
Mono: successfully reloaded assembly
- Completed reload, in  1.091 seconds
Platform modules already initialized, skipping
Refreshing native plugins compatible for Editor in 0.15 ms, found 1 plugins.
Preloading 0 native plugins for Editor in 0.00 ms.
Unloading 677 Unused Serialized files (Serialized files now loaded: 0)
System memory in use before: 123.5 MB.
System memory in use after: 123.0 MB.

Unloading 18 unused Assets to reduce memory usage. Loaded Objects now: 2070.
Total: 2.357887 ms (FindLiveObjects: 0.187280 ms CreateObjectMapping: 0.053082 ms MarkObjects: 1.693609 ms  DeleteObjects: 0.422393 ms)

========================================================================
Received Prepare
Registering precompiled user dll's ...
Registered in 0.000362 seconds.
Begin MonoManager ReloadAssembly
Native extension for OSXStandalone target not found
Native extension for WebGL target not found
Refreshing native plugins compatible for Editor in 0.18 ms, found 1 plugins.
Preloading 0 native plugins for Editor in 0.00 ms.
Invoked RoslynAnalysisRunner static constructor.
RoslynAnalysisRunner will not be running.
RoslynAnalysisRunner has terminated.
Mono: successfully reloaded assembly
- Completed reload, in  1.137 seconds
Platform modules already initialized, skipping
Refreshing native plugins compatible for Editor in 0.16 ms, found 1 plugins.
Preloading 0 native plugins for Editor in 0.00 ms.
Unloading 677 Unused Serialized files (Serialized files now loaded: 0)
System memory in use before: 123.7 MB.
System memory in use after: 123.2 MB.

Unloading 18 unused Assets to reduce memory usage. Loaded Objects now: 2073.
Total: 2.347576 ms (FindLiveObjects: 0.186011 ms CreateObjectMapping: 0.058500 ms MarkObjects: 1.662748 ms  DeleteObjects: 0.438883 ms)

========================================================================
Received Prepare
Registering precompiled user dll's ...
Registered in 0.000421 seconds.
Begin MonoManager ReloadAssembly
Native extension for OSXStandalone target not found
Native extension for WebGL target not found
Refreshing native plugins compatible for Editor in 0.17 ms, found 1 plugins.
Preloading 0 native plugins for Editor in 0.00 ms.
Invoked RoslynAnalysisRunner static constructor.
RoslynAnalysisRunner will not be running.
RoslynAnalysisRunner has terminated.
Mono: successfully reloaded assembly
- Completed reload, in  1.193 seconds
Platform modules already initialized, skipping
Refreshing native plugins compatible for Editor in 0.17 ms, found 1 plugins.
Preloading 0 native plugins for Editor in 0.00 ms.
Unloading 677 Unused Serialized files (Serialized files now loaded: 0)
System memory in use before: 123.9 MB.
System memory in use after: 123.4 MB.

Unloading 18 unused Assets to reduce memory usage. Loaded Objects now: 2076.
Total: 2.364445 ms (FindLiveObjects: 0.184429 ms CreateObjectMapping: 0.055029 ms MarkObjects: 1.692422 ms  DeleteObjects: 0.431103 ms)

========================================================================
Received Prepare
Registering precompiled user dll's ...
Registered in 0.000443 seconds.
Begin MonoManager ReloadAssembly
Native extension for OSXStandalone target not found
Native extension for WebGL target not found
Refreshing native plugins compatible for Editor in 0.18 ms, found 1 plugins.
Preloading 0 native plugins for Editor in 0.00 ms.
Invoked RoslynAnalysisRunner static constructor.
RoslynAnalysisRunner will not be running.
RoslynAnalysisRunner has terminated.
Mono: successfully reloaded assembly
- Completed reload, in  1.139 seconds
Platform modules already initialized, skipping
Refreshing native plugins compatible for Editor in 0.16 ms, found 1 plugins.
Preloading 0 native plugins for Editor in 0.00 ms.
Unloading 677 Unused Serialized files (Serialized files now loaded: 0)
System memory in use before: 124.0 MB.
System memory in use after: 123.5 MB.

Unloading 18 unused Assets to reduce memory usage. Loaded Objects now: 2079.
Total: 2.588554 ms (FindLiveObjects: 0.199448 ms CreateObjectMapping: 0.056030 ms MarkObjects: 1.599708 ms  DeleteObjects: 0.732144 ms)

========================================================================
Received Prepare
Registering precompiled user dll's ...
Registered in 0.000339 seconds.
Begin MonoManager ReloadAssembly
Native extension for OSXStandalone target not found
Native extension for WebGL target not found
Refreshing native plugins compatible for Editor in 0.16 ms, found 1 plugins.
Preloading 0 native plugins for Editor in 0.00 ms.
Invoked RoslynAnalysisRunner static constructor.
RoslynAnalysisRunner will not be running.
RoslynAnalysisRunner has terminated.
Mono: successfully reloaded assembly
- Completed reload, in  1.114 seconds
Platform modules already initialized, skipping
Refreshing native plugins compatible for Editor in 0.16 ms, found 1 plugins.
Preloading 0 native plugins for Editor in 0.00 ms.
Unloading 677 Unused Serialized files (Serialized files now loaded: 0)
System memory in use before: 124.2 MB.
System memory in use after: 123.7 MB.

Unloading 18 unused Assets to reduce memory usage. Loaded Objects now: 2082.
Total: 2.335386 ms (FindLiveObjects: 0.193411 ms CreateObjectMapping: 0.052652 ms MarkObjects: 1.672742 ms  DeleteObjects: 0.415196 ms)

========================================================================
Received Import Request.
  Time since last request: 913.746310 seconds.
  path: Assets/UI Tweening/Scripts/TextColorTween.cs
  artifactKey: Guid(be64e13c08849485ea9987926efca9bd) Importer(815301076,1909f56bfc062723c751e8b465ee728b)
Start importing Assets/UI Tweening/Scripts/TextColorTween.cs using Guid(be64e13c08849485ea9987926efca9bd) Importer(815301076,1909f56bfc062723c751e8b465ee728b)  -> (artifact id: 'b6d1a2c3a6159dd46514e37367eb5dae') in 0.008789 seconds
  Import took 0.012154 seconds .

========================================================================
Received Prepare
Registering precompiled user dll's ...
Registered in 0.000354 seconds.
Begin MonoManager ReloadAssembly
Native extension for OSXStandalone target not found
Native extension for WebGL target not found
Refreshing native plugins compatible for Editor in 0.17 ms, found 1 plugins.
Preloading 0 native plugins for Editor in 0.00 ms.
Invoked RoslynAnalysisRunner static constructor.
RoslynAnalysisRunner will not be running.
RoslynAnalysisRunner has terminated.
Mono: successfully reloaded assembly
- Completed reload, in  1.104 seconds
Platform modules already initialized, skipping
Refreshing native plugins compatible for Editor in 0.16 ms, found 1 plugins.
Preloading 0 native plugins for Editor in 0.00 ms.
Unloading 678 Unused Serialized files (Serialized files now loaded: 0)
System memory in use before: 124.4 MB.
System memory in use after: 123.9 MB.

Unloading 18 unused Assets to reduce memory usage. Loaded Objects now: 2086.
Total: 2.376941 ms (FindLiveObjects: 0.188761 ms CreateObjectMapping: 0.053885 ms MarkObjects: 1.702880 ms  DeleteObjects: 0.430077 ms)

========================================================================
Received Import Request.
  Time since last request: 25.193904 seconds.
  path: Assets/UI Tweening/Scripts/TextAlphaTween.cs
  artifactKey: Guid(c17d98c92e7d446b39fdb2c66c07bf06) Importer(815301076,1909f56bfc062723c751e8b465ee728b)
Start importing Assets/UI Tweening/Scripts/TextAlphaTween.cs using Guid(c17d98c92e7d446b39fdb2c66c07bf06) Importer(815301076,1909f56bfc062723c751e8b465ee728b)  -> (artifact id: '051ef7bfdbd068dc3fe5469dcdecdb7e') in 0.006377 seconds
  Import took 0.009807 seconds .

========================================================================
Received Import Request.
  Time since last request: 0.002748 seconds.
  path: Assets/UI Tweening/Scripts/TextAlphaTween.cs
  artifactKey: Guid(c17d98c92e7d446b39fdb2c66c07bf06) Importer(815301076,1909f56bfc062723c751e8b465ee728b)
Start importing Assets/UI Tweening/Scripts/TextAlphaTween.cs using Guid(c17d98c92e7d446b39fdb2c66c07bf06) Importer(815301076,1909f56bfc062723c751e8b465ee728b)  -> (artifact id: '051ef7bfdbd068dc3fe5469dcdecdb7e') in 0.003450 seconds
  Import took 0.007262 seconds .

========================================================================
Received Prepare
Registering precompiled user dll's ...
Registered in 0.000435 seconds.
Begin MonoManager ReloadAssembly
Native extension for OSXStandalone target not found
Native extension for WebGL target not found
Refreshing native plugins compatible for Editor in 0.16 ms, found 1 plugins.
Preloading 0 native plugins for Editor in 0.00 ms.
Invoked RoslynAnalysisRunner static constructor.
RoslynAnalysisRunner will not be running.
RoslynAnalysisRunner has terminated.
Mono: successfully reloaded assembly
- Completed reload, in  1.139 seconds
Platform modules already initialized, skipping
Refreshing native plugins compatible for Editor in 0.16 ms, found 1 plugins.
Preloading 0 native plugins for Editor in 0.00 ms.
Unloading 679 Unused Serialized files (Serialized files now loaded: 0)
System memory in use before: 124.5 MB.
System memory in use after: 124.0 MB.

Unloading 18 unused Assets to reduce memory usage. Loaded Objects now: 2090.
Total: 2.409632 ms (FindLiveObjects: 0.177209 ms CreateObjectMapping: 0.051811 ms MarkObjects: 1.705978 ms  DeleteObjects: 0.473277 ms)

========================================================================
Received Prepare
Registering precompiled user dll's ...
Registered in 0.000355 seconds.
Begin MonoManager ReloadAssembly
Native extension for OSXStandalone target not found
Native extension for WebGL target not found
Refreshing native plugins compatible for Editor in 0.16 ms, found 1 plugins.
Preloading 0 native plugins for Editor in 0.00 ms.
Invoked RoslynAnalysisRunner static constructor.
RoslynAnalysisRunner will not be running.
RoslynAnalysisRunner has terminated.
Mono: successfully reloaded assembly
- Completed reload, in  1.096 seconds
Platform modules already initialized, skipping
Refreshing native plugins compatible for Editor in 0.16 ms, found 1 plugins.
Preloading 0 native plugins for Editor in 0.00 ms.
Unloading 679 Unused Serialized files (Serialized files now loaded: 0)
System memory in use before: 124.7 MB.
System memory in use after: 124.2 MB.

Unloading 18 unused Assets to reduce memory usage. Loaded Objects now: 2093.
Total: 2.662978 ms (FindLiveObjects: 0.214476 ms CreateObjectMapping: 0.057118 ms MarkObjects: 1.789435 ms  DeleteObjects: 0.600435 ms)

========================================================================
Received Import Request.
  Time since last request: 287.579452 seconds.
  path: Assets/UI Tweening/Scripts/TextAlphaTween.cs
  artifactKey: Guid(c17d98c92e7d446b39fdb2c66c07bf06) Importer(815301076,1909f56bfc062723c751e8b465ee728b)
Start importing Assets/UI Tweening/Scripts/TextAlphaTween.cs using Guid(c17d98c92e7d446b39fdb2c66c07bf06) Importer(815301076,1909f56bfc062723c751e8b465ee728b)  -> (artifact id: 'bbf96a37194618ac727a4bf201784af2') in 0.005100 seconds
  Import took 0.008596 seconds .

========================================================================
Received Prepare
Registering precompiled user dll's ...
Registered in 0.000385 seconds.
Begin MonoManager ReloadAssembly
Native extension for OSXStandalone target not found
Native extension for WebGL target not found
Refreshing native plugins compatible for Editor in 0.17 ms, found 1 plugins.
Preloading 0 native plugins for Editor in 0.00 ms.
Invoked RoslynAnalysisRunner static constructor.
RoslynAnalysisRunner will not be running.
RoslynAnalysisRunner has terminated.
Mono: successfully reloaded assembly
- Completed reload, in  1.087 seconds
Platform modules already initialized, skipping
Refreshing native plugins compatible for Editor in 0.15 ms, found 1 plugins.
Preloading 0 native plugins for Editor in 0.00 ms.
Unloading 679 Unused Serialized files (Serialized files now loaded: 0)
System memory in use before: 124.8 MB.
System memory in use after: 124.3 MB.

Unloading 18 unused Assets to reduce memory usage. Loaded Objects now: 2096.
Total: 2.406192 ms (FindLiveObjects: 0.180071 ms CreateObjectMapping: 0.052705 ms MarkObjects: 1.717567 ms  DeleteObjects: 0.454331 ms)

========================================================================
Received Import Request.
  Time since last request: 77.223516 seconds.
  path: Assets/UI Tweening/Scripts/RectTransformPositionTween.cs
  artifactKey: Guid(db332727d475d4360b1cccb276a766d4) Importer(815301076,1909f56bfc062723c751e8b465ee728b)
Start importing Assets/UI Tweening/Scripts/RectTransformPositionTween.cs using Guid(db332727d475d4360b1cccb276a766d4) Importer(815301076,1909f56bfc062723c751e8b465ee728b)  -> (artifact id: 'ad4a91db13105ab2b7985f8f19856e98') in 0.006258 seconds
  Import took 0.010131 seconds .

========================================================================
Received Prepare
Registering precompiled user dll's ...
Registered in 0.000361 seconds.
Begin MonoManager ReloadAssembly
Native extension for OSXStandalone target not found
Native extension for WebGL target not found
Refreshing native plugins compatible for Editor in 0.17 ms, found 1 plugins.
Preloading 0 native plugins for Editor in 0.00 ms.
Invoked RoslynAnalysisRunner static constructor.
RoslynAnalysisRunner will not be running.
RoslynAnalysisRunner has terminated.
Mono: successfully reloaded assembly
- Completed reload, in  1.082 seconds
Platform modules already initialized, skipping
Refreshing native plugins compatible for Editor in 0.20 ms, found 1 plugins.
Preloading 0 native plugins for Editor in 0.00 ms.
Unloading 680 Unused Serialized files (Serialized files now loaded: 0)
System memory in use before: 125.1 MB.
System memory in use after: 124.6 MB.

Unloading 18 unused Assets to reduce memory usage. Loaded Objects now: 2100.
Total: 2.134182 ms (FindLiveObjects: 0.170099 ms CreateObjectMapping: 0.052141 ms MarkObjects: 1.504395 ms  DeleteObjects: 0.406499 ms)

========================================================================
Received Prepare
Registering precompiled user dll's ...
Registered in 0.000411 seconds.
Begin MonoManager ReloadAssembly
Native extension for OSXStandalone target not found
Native extension for WebGL target not found
Refreshing native plugins compatible for Editor in 0.16 ms, found 1 plugins.
Preloading 0 native plugins for Editor in 0.00 ms.
Invoked RoslynAnalysisRunner static constructor.
RoslynAnalysisRunner will not be running.
RoslynAnalysisRunner has terminated.
Mono: successfully reloaded assembly
- Completed reload, in  1.125 seconds
Platform modules already initialized, skipping
Refreshing native plugins compatible for Editor in 0.16 ms, found 1 plugins.
Preloading 0 native plugins for Editor in 0.00 ms.
Unloading 680 Unused Serialized files (Serialized files now loaded: 0)
System memory in use before: 125.2 MB.
System memory in use after: 124.7 MB.

Unloading 18 unused Assets to reduce memory usage. Loaded Objects now: 2103.
Total: 2.290528 ms (FindLiveObjects: 0.192223 ms CreateObjectMapping: 0.052947 ms MarkObjects: 1.617069 ms  DeleteObjects: 0.427140 ms)

========================================================================
Received Prepare
Registering precompiled user dll's ...
Registered in 0.000358 seconds.
Begin MonoManager ReloadAssembly
Native extension for OSXStandalone target not found
Native extension for WebGL target not found
Refreshing native plugins compatible for Editor in 0.18 ms, found 1 plugins.
Preloading 0 native plugins for Editor in 0.00 ms.
Invoked RoslynAnalysisRunner static constructor.
RoslynAnalysisRunner will not be running.
RoslynAnalysisRunner has terminated.
Mono: successfully reloaded assembly
- Completed reload, in  1.126 seconds
Platform modules already initialized, skipping
Refreshing native plugins compatible for Editor in 0.19 ms, found 1 plugins.
Preloading 0 native plugins for Editor in 0.00 ms.
Unloading 680 Unused Serialized files (Serialized files now loaded: 0)
System memory in use before: 125.3 MB.
System memory in use after: 124.8 MB.

Unloading 18 unused Assets to reduce memory usage. Loaded Objects now: 2106.
Total: 2.435839 ms (FindLiveObjects: 0.193468 ms CreateObjectMapping: 0.054989 ms MarkObjects: 1.747104 ms  DeleteObjects: 0.438793 ms)

========================================================================
Received Prepare
Registering precompiled user dll's ...
Registered in 0.000596 seconds.
Begin MonoManager ReloadAssembly
Native extension for OSXStandalone target not found
Native extension for WebGL target not found
Refreshing native plugins compatible for Editor in 0.17 ms, found 1 plugins.
Preloading 0 native plugins for Editor in 0.00 ms.
Invoked RoslynAnalysisRunner static constructor.
RoslynAnalysisRunner will not be running.
RoslynAnalysisRunner has terminated.
Mono: successfully reloaded assembly
- Completed reload, in  1.131 seconds
Platform modules already initialized, skipping
Refreshing native plugins compatible for Editor in 0.17 ms, found 1 plugins.
Preloading 0 native plugins for Editor in 0.00 ms.
Unloading 680 Unused Serialized files (Serialized files now loaded: 0)
System memory in use before: 125.5 MB.
System memory in use after: 125.0 MB.

Unloading 18 unused Assets to reduce memory usage. Loaded Objects now: 2109.
Total: 2.349894 ms (FindLiveObjects: 0.193393 ms CreateObjectMapping: 0.054667 ms MarkObjects: 1.641636 ms  DeleteObjects: 0.458714 ms)

========================================================================
Received Import Request.
  Time since last request: 2615.266054 seconds.
  path: Assets/UI Tweening/Scripts/RectTransformScaleTween.cs
  artifactKey: Guid(801ab146d8fff4f4eaff8ff20b9c1513) Importer(815301076,1909f56bfc062723c751e8b465ee728b)
Start importing Assets/UI Tweening/Scripts/RectTransformScaleTween.cs using Guid(801ab146d8fff4f4eaff8ff20b9c1513) Importer(815301076,1909f56bfc062723c751e8b465ee728b)  -> (artifact id: 'c543712b85b6976ca5790ec81b0f358f') in 0.006555 seconds
  Import took 0.010052 seconds .

========================================================================
Received Import Request.
  Time since last request: 0.005298 seconds.
  path: Assets/UI Tweening/Scripts/RectTransformScaleTween.cs
  artifactKey: Guid(801ab146d8fff4f4eaff8ff20b9c1513) Importer(815301076,1909f56bfc062723c751e8b465ee728b)
Start importing Assets/UI Tweening/Scripts/RectTransformScaleTween.cs using Guid(801ab146d8fff4f4eaff8ff20b9c1513) Importer(815301076,1909f56bfc062723c751e8b465ee728b)  -> (artifact id: 'c543712b85b6976ca5790ec81b0f358f') in 0.003319 seconds
  Import took 0.006787 seconds .

========================================================================
Received Prepare
Registering precompiled user dll's ...
Registered in 0.000458 seconds.
Begin MonoManager ReloadAssembly
Native extension for OSXStandalone target not found
Native extension for WebGL target not found
Refreshing native plugins compatible for Editor in 0.17 ms, found 1 plugins.
Preloading 0 native plugins for Editor in 0.00 ms.
Invoked RoslynAnalysisRunner static constructor.
RoslynAnalysisRunner will not be running.
RoslynAnalysisRunner has terminated.
Mono: successfully reloaded assembly
- Completed reload, in  1.193 seconds
Platform modules already initialized, skipping
Refreshing native plugins compatible for Editor in 0.20 ms, found 1 plugins.
Preloading 0 native plugins for Editor in 0.00 ms.
Unloading 681 Unused Serialized files (Serialized files now loaded: 0)
System memory in use before: 125.7 MB.
System memory in use after: 125.2 MB.

Unloading 18 unused Assets to reduce memory usage. Loaded Objects now: 2113.
Total: 2.575066 ms (FindLiveObjects: 0.204198 ms CreateObjectMapping: 0.056723 ms MarkObjects: 1.797787 ms  DeleteObjects: 0.514600 ms)

========================================================================
Received Prepare
Registering precompiled user dll's ...
Registered in 0.000416 seconds.
Begin MonoManager ReloadAssembly
Native extension for OSXStandalone target not found
Native extension for WebGL target not found
Refreshing native plugins compatible for Editor in 0.16 ms, found 1 plugins.
Preloading 0 native plugins for Editor in 0.00 ms.
Invoked RoslynAnalysisRunner static constructor.
RoslynAnalysisRunner will not be running.
RoslynAnalysisRunner has terminated.
Mono: successfully reloaded assembly
- Completed reload, in  1.122 seconds
Platform modules already initialized, skipping
Refreshing native plugins compatible for Editor in 0.17 ms, found 1 plugins.
Preloading 0 native plugins for Editor in 0.00 ms.
Unloading 681 Unused Serialized files (Serialized files now loaded: 0)
System memory in use before: 125.8 MB.
System memory in use after: 125.3 MB.

Unloading 18 unused Assets to reduce memory usage. Loaded Objects now: 2116.
Total: 2.358725 ms (FindLiveObjects: 0.200490 ms CreateObjectMapping: 0.056224 ms MarkObjects: 1.639398 ms  DeleteObjects: 0.461226 ms)

========================================================================
Received Import Request.
  Time since last request: 139.529438 seconds.
  path: Assets/UI Tweening/Scripts/RectTransformScaleTween.cs
  artifactKey: Guid(801ab146d8fff4f4eaff8ff20b9c1513) Importer(815301076,1909f56bfc062723c751e8b465ee728b)
Start importing Assets/UI Tweening/Scripts/RectTransformScaleTween.cs using Guid(801ab146d8fff4f4eaff8ff20b9c1513) Importer(815301076,1909f56bfc062723c751e8b465ee728b)  -> (artifact id: '5dfb3c9d1722d22fd9ebadbd9db441de') in 0.004190 seconds
  Import took 0.008207 seconds .

========================================================================
Received Prepare
Registering precompiled user dll's ...
Registered in 0.000383 seconds.
Begin MonoManager ReloadAssembly
Native extension for OSXStandalone target not found
Native extension for WebGL target not found
Refreshing native plugins compatible for Editor in 0.17 ms, found 1 plugins.
Preloading 0 native plugins for Editor in 0.00 ms.
Invoked RoslynAnalysisRunner static constructor.
RoslynAnalysisRunner will not be running.
RoslynAnalysisRunner has terminated.
Mono: successfully reloaded assembly
- Completed reload, in  1.104 seconds
Platform modules already initialized, skipping
Refreshing native plugins compatible for Editor in 0.15 ms, found 1 plugins.
Preloading 0 native plugins for Editor in 0.00 ms.
Unloading 681 Unused Serialized files (Serialized files now loaded: 0)
System memory in use before: 126.0 MB.
System memory in use after: 125.5 MB.

Unloading 18 unused Assets to reduce memory usage. Loaded Objects now: 2119.
Total: 2.378363 ms (FindLiveObjects: 0.215932 ms CreateObjectMapping: 0.053356 ms MarkObjects: 1.662022 ms  DeleteObjects: 0.445353 ms)

========================================================================
Received Prepare
Registering precompiled user dll's ...
Registered in 0.000388 seconds.
Begin MonoManager ReloadAssembly
Native extension for OSXStandalone target not found
Native extension for WebGL target not found
Refreshing native plugins compatible for Editor in 0.17 ms, found 1 plugins.
Preloading 0 native plugins for Editor in 0.00 ms.
Invoked RoslynAnalysisRunner static constructor.
RoslynAnalysisRunner will not be running.
RoslynAnalysisRunner has terminated.
Mono: successfully reloaded assembly
- Completed reload, in  1.123 seconds
Platform modules already initialized, skipping
Refreshing native plugins compatible for Editor in 0.15 ms, found 1 plugins.
Preloading 0 native plugins for Editor in 0.00 ms.
Unloading 681 Unused Serialized files (Serialized files now loaded: 0)
System memory in use before: 126.2 MB.
System memory in use after: 125.6 MB.

Unloading 18 unused Assets to reduce memory usage. Loaded Objects now: 2122.
Total: 2.327212 ms (FindLiveObjects: 0.187897 ms CreateObjectMapping: 0.053582 ms MarkObjects: 1.624870 ms  DeleteObjects: 0.459547 ms)

========================================================================
Received Prepare
Registering precompiled user dll's ...
Registered in 0.000360 seconds.
Begin MonoManager ReloadAssembly
Native extension for OSXStandalone target not found
Native extension for WebGL target not found
Refreshing native plugins compatible for Editor in 0.16 ms, found 1 plugins.
Preloading 0 native plugins for Editor in 0.00 ms.
Invoked RoslynAnalysisRunner static constructor.
RoslynAnalysisRunner will not be running.
RoslynAnalysisRunner has terminated.
Mono: successfully reloaded assembly
- Completed reload, in  1.115 seconds
Platform modules already initialized, skipping
Refreshing native plugins compatible for Editor in 0.16 ms, found 1 plugins.
Preloading 0 native plugins for Editor in 0.00 ms.
Unloading 681 Unused Serialized files (Serialized files now loaded: 0)
System memory in use before: 126.4 MB.
System memory in use after: 125.9 MB.

Unloading 18 unused Assets to reduce memory usage. Loaded Objects now: 2125.
Total: 2.382224 ms (FindLiveObjects: 0.217281 ms CreateObjectMapping: 0.072223 ms MarkObjects: 1.657256 ms  DeleteObjects: 0.433244 ms)

========================================================================
Received Prepare
Registering precompiled user dll's ...
Registered in 0.001137 seconds.
Begin MonoManager ReloadAssembly
Native extension for OSXStandalone target not found
Native extension for WebGL target not found
Refreshing native plugins compatible for Editor in 0.20 ms, found 1 plugins.
Preloading 0 native plugins for Editor in 0.00 ms.
Invoked RoslynAnalysisRunner static constructor.
RoslynAnalysisRunner will not be running.
RoslynAnalysisRunner has terminated.
Mono: successfully reloaded assembly
- Completed reload, in  1.162 seconds
Platform modules already initialized, skipping
Refreshing native plugins compatible for Editor in 0.17 ms, found 1 plugins.
Preloading 0 native plugins for Editor in 0.00 ms.
Unloading 681 Unused Serialized files (Serialized files now loaded: 0)
System memory in use before: 126.5 MB.
System memory in use after: 126.0 MB.

Unloading 18 unused Assets to reduce memory usage. Loaded Objects now: 2128.
Total: 2.487787 ms (FindLiveObjects: 0.209411 ms CreateObjectMapping: 0.063601 ms MarkObjects: 1.686640 ms  DeleteObjects: 0.526984 ms)

========================================================================
Received Import Request.
  Time since last request: 197.295848 seconds.
  path: Assets/UI Tweening/Scripts/RectTransformRotationTween.cs
  artifactKey: Guid(b3319886e99a44b5097abeffee412c24) Importer(815301076,1909f56bfc062723c751e8b465ee728b)
Start importing Assets/UI Tweening/Scripts/RectTransformRotationTween.cs using Guid(b3319886e99a44b5097abeffee412c24) Importer(815301076,1909f56bfc062723c751e8b465ee728b)  -> (artifact id: '402c9fdecc895b5edfa4a8349a9f48b3') in 0.005529 seconds
  Import took 0.009292 seconds .

========================================================================
Received Prepare
Registering precompiled user dll's ...
Registered in 0.000451 seconds.
Begin MonoManager ReloadAssembly
Native extension for OSXStandalone target not found
Native extension for WebGL target not found
Refreshing native plugins compatible for Editor in 0.20 ms, found 1 plugins.
Preloading 0 native plugins for Editor in 0.00 ms.
Invoked RoslynAnalysisRunner static constructor.
RoslynAnalysisRunner will not be running.
RoslynAnalysisRunner has terminated.
Mono: successfully reloaded assembly
- Completed reload, in  1.179 seconds
Platform modules already initialized, skipping
Refreshing native plugins compatible for Editor in 0.15 ms, found 1 plugins.
Preloading 0 native plugins for Editor in 0.00 ms.
Unloading 682 Unused Serialized files (Serialized files now loaded: 0)
System memory in use before: 126.6 MB.
System memory in use after: 126.1 MB.

Unloading 18 unused Assets to reduce memory usage. Loaded Objects now: 2132.
Total: 2.389386 ms (FindLiveObjects: 0.208031 ms CreateObjectMapping: 0.052219 ms MarkObjects: 1.687357 ms  DeleteObjects: 0.439630 ms)

========================================================================
Received Prepare
Registering precompiled user dll's ...
Registered in 0.000448 seconds.
Begin MonoManager ReloadAssembly
Native extension for OSXStandalone target not found
Native extension for WebGL target not found
Refreshing native plugins compatible for Editor in 0.17 ms, found 1 plugins.
Preloading 0 native plugins for Editor in 0.00 ms.
Invoked RoslynAnalysisRunner static constructor.
RoslynAnalysisRunner will not be running.
RoslynAnalysisRunner has terminated.
Mono: successfully reloaded assembly
- Completed reload, in  1.136 seconds
Platform modules already initialized, skipping
Refreshing native plugins compatible for Editor in 0.16 ms, found 1 plugins.
Preloading 0 native plugins for Editor in 0.00 ms.
Unloading 682 Unused Serialized files (Serialized files now loaded: 0)
System memory in use before: 126.8 MB.
System memory in use after: 126.3 MB.

Unloading 18 unused Assets to reduce memory usage. Loaded Objects now: 2135.
Total: 2.494193 ms (FindLiveObjects: 0.224673 ms CreateObjectMapping: 0.055301 ms MarkObjects: 1.766278 ms  DeleteObjects: 0.446417 ms)

========================================================================
Received Import Request.
  Time since last request: 144.056239 seconds.
  path: Assets/UI Tweening/Scripts/RectTransformRotationTween.cs
  artifactKey: Guid(b3319886e99a44b5097abeffee412c24) Importer(815301076,1909f56bfc062723c751e8b465ee728b)
Start importing Assets/UI Tweening/Scripts/RectTransformRotationTween.cs using Guid(b3319886e99a44b5097abeffee412c24) Importer(815301076,1909f56bfc062723c751e8b465ee728b)  -> (artifact id: 'de727d5eb74c4688c710b2ae79159978') in 0.004110 seconds
  Import took 0.007810 seconds .

========================================================================
Received Prepare
Registering precompiled user dll's ...
Registered in 0.000567 seconds.
Begin MonoManager ReloadAssembly
Native extension for OSXStandalone target not found
Native extension for WebGL target not found
Refreshing native plugins compatible for Editor in 0.17 ms, found 1 plugins.
Preloading 0 native plugins for Editor in 0.00 ms.
Invoked RoslynAnalysisRunner static constructor.
RoslynAnalysisRunner will not be running.
RoslynAnalysisRunner has terminated.
Mono: successfully reloaded assembly
- Completed reload, in  1.136 seconds
Platform modules already initialized, skipping
Refreshing native plugins compatible for Editor in 0.16 ms, found 1 plugins.
Preloading 0 native plugins for Editor in 0.00 ms.
Unloading 682 Unused Serialized files (Serialized files now loaded: 0)
System memory in use before: 127.0 MB.
System memory in use after: 126.5 MB.

Unloading 18 unused Assets to reduce memory usage. Loaded Objects now: 2138.
Total: 2.370440 ms (FindLiveObjects: 0.200682 ms CreateObjectMapping: 0.053331 ms MarkObjects: 1.673350 ms  DeleteObjects: 0.441729 ms)

========================================================================
Received Prepare
Registering precompiled user dll's ...
Registered in 0.001034 seconds.
Begin MonoManager ReloadAssembly
Native extension for OSXStandalone target not found
Native extension for WebGL target not found
Refreshing native plugins compatible for Editor in 0.17 ms, found 1 plugins.
Preloading 0 native plugins for Editor in 0.00 ms.
Invoked RoslynAnalysisRunner static constructor.
RoslynAnalysisRunner will not be running.
RoslynAnalysisRunner has terminated.
Mono: successfully reloaded assembly
- Completed reload, in  1.159 seconds
Platform modules already initialized, skipping
Refreshing native plugins compatible for Editor in 0.16 ms, found 1 plugins.
Preloading 0 native plugins for Editor in 0.00 ms.
Unloading 682 Unused Serialized files (Serialized files now loaded: 0)
System memory in use before: 127.1 MB.
System memory in use after: 126.6 MB.

Unloading 18 unused Assets to reduce memory usage. Loaded Objects now: 2141.
Total: 2.511311 ms (FindLiveObjects: 0.188517 ms CreateObjectMapping: 0.053445 ms MarkObjects: 1.795779 ms  DeleteObjects: 0.472269 ms)

========================================================================
Received Import Request.
  Time since last request: 796.002621 seconds.
  path: Assets/UI Tweening/Scripts/RectTransformPositionTween.cs
  artifactKey: Guid(db332727d475d4360b1cccb276a766d4) Importer(815301076,1909f56bfc062723c751e8b465ee728b)
Start importing Assets/UI Tweening/Scripts/RectTransformPositionTween.cs using Guid(db332727d475d4360b1cccb276a766d4) Importer(815301076,1909f56bfc062723c751e8b465ee728b)  -> (artifact id: '2f48a453d3a22110c954aa3aaae482d7') in 0.009264 seconds
  Import took 0.013906 seconds .

========================================================================
Received Import Request.
  Time since last request: 0.003480 seconds.
  path: Assets/UI Tweening/Scripts/ImageAlphaTween.cs
  artifactKey: Guid(50d58a2b34aa8476daae8f79db67883e) Importer(815301076,1909f56bfc062723c751e8b465ee728b)
Start importing Assets/UI Tweening/Scripts/ImageAlphaTween.cs using Guid(50d58a2b34aa8476daae8f79db67883e) Importer(815301076,1909f56bfc062723c751e8b465ee728b)  -> (artifact id: 'd87dfc31a0b95c350823c30cad444497') in 0.002285 seconds
  Import took 0.007545 seconds .

========================================================================
Received Import Request.
  Time since last request: 0.002664 seconds.
  path: Assets/UI Tweening/Scripts/ImageColorTween.cs
  artifactKey: Guid(efef231a538a64bbb97bc22f2707cba4) Importer(815301076,1909f56bfc062723c751e8b465ee728b)
Start importing Assets/UI Tweening/Scripts/ImageColorTween.cs using Guid(efef231a538a64bbb97bc22f2707cba4) Importer(815301076,1909f56bfc062723c751e8b465ee728b)  -> (artifact id: 'c4710cfcef094b962d5eaf9895743061') in 0.001966 seconds
  Import took 0.006578 seconds .

========================================================================
Received Import Request.
  Time since last request: 0.003478 seconds.
  path: Assets/UI Tweening/Scripts/Tween.cs
  artifactKey: Guid(034a15b27fd6647b3a5b50c42c70b13d) Importer(815301076,1909f56bfc062723c751e8b465ee728b)
Start importing Assets/UI Tweening/Scripts/Tween.cs using Guid(034a15b27fd6647b3a5b50c42c70b13d) Importer(815301076,1909f56bfc062723c751e8b465ee728b)  -> (artifact id: 'b6feb07a1783785a4cd75a10601a6de0') in 0.002511 seconds
  Import took 0.005181 seconds .

========================================================================
Received Import Request.
  Time since last request: 0.003005 seconds.
  path: Assets/UI Tweening/LICENSE
  artifactKey: Guid(d1fc41bba6ff7489792711670d5b5d36) Importer(815301076,1909f56bfc062723c751e8b465ee728b)
Start importing Assets/UI Tweening/LICENSE using Guid(d1fc41bba6ff7489792711670d5b5d36) Importer(815301076,1909f56bfc062723c751e8b465ee728b)  -> (artifact id: '7d202e10f41c6a3c766420e226a136ec') in 0.013231 seconds
  Import took 0.017286 seconds .

========================================================================
Received Import Request.
  Time since last request: 0.001934 seconds.
  path: Assets/UI Tweening/Demo
  artifactKey: Guid(0770732b5abdd40e4927fbf1a8649664) Importer(815301076,1909f56bfc062723c751e8b465ee728b)
Start importing Assets/UI Tweening/Demo using Guid(0770732b5abdd40e4927fbf1a8649664) Importer(815301076,1909f56bfc062723c751e8b465ee728b)  -> (artifact id: '6511ba3f0c5425ce5f52e87f859aebd2') in 0.001524 seconds
  Import took 0.004953 seconds .

========================================================================
Received Import Request.
  Time since last request: 0.006469 seconds.
  path: Assets/UI Tweening/Demo/Demo.cs
  artifactKey: Guid(89fa47b4a5fdf45dea8867033e311428) Importer(815301076,1909f56bfc062723c751e8b465ee728b)
Start importing Assets/UI Tweening/Demo/Demo.cs using Guid(89fa47b4a5fdf45dea8867033e311428) Importer(815301076,1909f56bfc062723c751e8b465ee728b)  -> (artifact id: '444299e9a2a15f01c07f64e8bbc79202') in 0.001829 seconds
  Import took 0.005668 seconds .

========================================================================
Received Import Request.
  Time since last request: 0.003079 seconds.
  path: Assets/UI Tweening/Scripts/TweenManager.cs
  artifactKey: Guid(677af1dcd994e482aa7d6fd9ef99bfa6) Importer(815301076,1909f56bfc062723c751e8b465ee728b)
Start importing Assets/UI Tweening/Scripts/TweenManager.cs using Guid(677af1dcd994e482aa7d6fd9ef99bfa6) Importer(815301076,1909f56bfc062723c751e8b465ee728b)  -> (artifact id: '4c951f8026d2381f66824c3b6bb91482') in 0.002629 seconds
  Import took 0.007213 seconds .

========================================================================
Received Import Request.
  Time since last request: 0.009143 seconds.
  path: Assets/UI Tweening/Demo/Demo.unity
  artifactKey: Guid(2cda990e2423bbf4892e6590ba056729) Importer(815301076,1909f56bfc062723c751e8b465ee728b)
Start importing Assets/UI Tweening/Demo/Demo.unity using Guid(2cda990e2423bbf4892e6590ba056729) Importer(815301076,1909f56bfc062723c751e8b465ee728b)  -> (artifact id: '9d2ae167cd5fef20d56c20f3fa57dfc9') in 0.001923 seconds
  Import took 0.004766 seconds .

========================================================================
Received Import Request.
  Time since last request: 0.014534 seconds.
  path: Assets/UI Tweening/Scripts/TextColorTween.cs
  artifactKey: Guid(be64e13c08849485ea9987926efca9bd) Importer(815301076,1909f56bfc062723c751e8b465ee728b)
Start importing Assets/UI Tweening/Scripts/TextColorTween.cs using Guid(be64e13c08849485ea9987926efca9bd) Importer(815301076,1909f56bfc062723c751e8b465ee728b)  -> (artifact id: '483a97af8356a640d8aeb387d1063192') in 0.002202 seconds
  Import took 0.005908 seconds .

